mpp-library/feature/list/build/intermediates/manifest_merge_blame_file/debug/manifest-merger-blame-debug-report.txt
1<?xml version="1.0" encoding="utf-8"?>
2<manifest xmlns:android="http://schemas.android.com/apk/res/android"
3    package="com.merseyside.template.feature.list" >
4
5    <uses-sdk
6        android:minSdkVersion="21"
6-->src/androidMain/AndroidManifest.xml
7        android:targetSdkVersion="29" />
7-->src/androidMain/AndroidManifest.xml
8
9</manifest>